{"C:\\Users\\User\\Desktop\\обучение джаваскрипт\\продвинутый ДС\\ajs-07.1\\src\\index.js": {"path":"C:\\Users\\User\\Desktop\\обучение джаваскрипт\\продвинутый ДС\\ajs-07.1\\src\\index.js","statementMap":{"0":{"start":{"line":3,"column":20},"end":{"line":3,"column":75}},"1":{"start":{"line":4,"column":6},"end":{"line":4,"column":34}}},"fnMap":{"0":{"name":"(anonymous_0)","decl":{"start":{"line":2,"column":4},"end":{"line":2,"column":5}},"loc":{"start":{"line":2,"column":31},"end":{"line":5,"column":5}},"line":2}},"branchMap":{},"s":{"0":9,"1":9},"f":{"0":9},"b":{},"_coverageSchema":"1a1c01bbd47fc00a2c39e90264f33305004495a9","hash":"2773cef67b114277529107e8885507a326c7ad30"}
}
